<?xml version="1.0" encoding="UTF-8"?>
<!-- Generated by org.testng.reporters.JUnitReportReporter -->
<testsuite hostname="DESKTOP-14SVF8U" failures="0" tests="2" name="tests.AmazonCreateAccountTest" time="0.009" errors="0" timestamp="2021-06-04T18:27:29 EDT" skipped="0">
  <testcase classname="tests.AmazonCreateAccountTest" name="test" time="0.005"/>
  <system-out/>
  <testcase classname="tests.AmazonCreateAccountTest" name="f" time="0.004"/>
  <system-out/>
</testsuite> <!-- tests.AmazonCreateAccountTest -->
