<?xml version="1.0" encoding="UTF-8"?>
<!-- Generated by org.testng.reporters.JUnitReportReporter -->
<testsuite hostname="DESKTOP-14SVF8U" failures="0" tests="4" name="tests.AmazonSearchTest" time="0.020" errors="0" timestamp="2021-06-06T12:13:46 EDT" skipped="0">
  <testcase classname="tests.AmazonSearchTest" name="testTest" time="0.002"/>
  <system-out/>
  <testcase classname="tests.AmazonSearchTest" name="testTest" time="0.005"/>
  <system-out/>
  <testcase classname="tests.AmazonSearchTest" name="testTest" time="0.011"/>
  <system-out/>
  <testcase classname="tests.AmazonSearchTest" name="testTest" time="0.002"/>
  <system-out/>
</testsuite> <!-- tests.AmazonSearchTest -->
