<?xml version="1.0" encoding="UTF-8"?>
<!-- Generated by org.testng.reporters.JUnitReportReporter -->
<testsuite hostname="helilshahyars-iMac.local" failures="0" tests="1" name="tests.SeleniumEasyAlertTests" time="7.598" errors="0" timestamp="2021-05-29T15:54:40 EDT" skipped="0">
  <testcase classname="tests.SeleniumEasyAlertTests" name="thirdAlertTest" time="7.598"/>
  <system-out/>
</testsuite> <!-- tests.SeleniumEasyAlertTests -->
