<?xml version="1.0" encoding="UTF-8"?>
<!-- Generated by org.testng.reporters.JUnitReportReporter -->
<testsuite hostname="DESKTOP-14SVF8U" failures="0" tests="3" name="tests.SeleniumEasyAlertTests" time="25.946" errors="0" timestamp="2021-06-03T13:57:44 EDT" skipped="0">
  <testcase classname="tests.SeleniumEasyAlertTests" name="secondAlertTest" time="7.496"/>
  <system-out/>
  <testcase classname="tests.SeleniumEasyAlertTests" name="firstAlertTest" time="8.459"/>
  <system-out/>
  <testcase classname="tests.SeleniumEasyAlertTests" name="thirdAlertTest" time="9.991"/>
  <system-out/>
</testsuite> <!-- tests.SeleniumEasyAlertTests -->
