<?xml version="1.0" encoding="UTF-8"?>
<!-- Generated by org.testng.reporters.JUnitReportReporter -->
<testsuite hostname="DESKTOP-14SVF8U" failures="0" tests="3" name="tests.SeleniumEasyAlertTests" time="29.366" errors="0" timestamp="2021-06-04T18:16:50 EDT" skipped="0">
  <testcase classname="tests.SeleniumEasyAlertTests" name="secondAlertTest" time="7.989"/>
  <system-out/>
  <testcase classname="tests.SeleniumEasyAlertTests" name="firstAlertTest" time="9.624"/>
  <system-out/>
  <testcase classname="tests.SeleniumEasyAlertTests" name="thirdAlertTest" time="11.753"/>
  <system-out/>
</testsuite> <!-- tests.SeleniumEasyAlertTests -->
