<?xml version="1.0" encoding="UTF-8"?>
<!-- Generated by org.testng.reporters.JUnitReportReporter -->
<testsuite hostname="helilshahyars-iMac.local" failures="0" tests="1" name="tests.AmazonSearchTest" time="7.933" errors="0" timestamp="2021-05-29T12:24:13 EDT" skipped="0">
  <testcase classname="tests.AmazonSearchTest" name="amazonSearchTest" time="7.933"/>
  <system-out/>
</testsuite> <!-- tests.AmazonSearchTest -->
