<?xml version="1.0" encoding="UTF-8"?>
<!-- Generated by org.testng.reporters.JUnitReportReporter -->
<testsuite hostname="DESKTOP-14SVF8U" failures="0" tests="2" name="tests.AmazonAddToCartTest" time="0.030" errors="0" timestamp="2021-06-04T18:27:29 EDT" skipped="0">
  <testcase classname="tests.AmazonAddToCartTest" name="f" time="0.015"/>
  <system-out/>
  <testcase classname="tests.AmazonAddToCartTest" name="test" time="0.015"/>
  <system-out/>
</testsuite> <!-- tests.AmazonAddToCartTest -->
